<?xml version="1.0" encoding="UTF-8"?>
<!-- Generated by org.testng.reporters.JUnitReportReporter -->
<testsuite hostname="DESKTOP-P6VK5U0" failures="0" tests="1" name="com.internetbanking.testCases.TC_LoginTest_001" time="3.087" errors="0" timestamp="06 Jan. 2022 03:56:23 GMT" skipped="0">
  <testcase classname="com.internetbanking.testCases.TC_LoginTest_001" name="loginTest" time="3.087"/>
</testsuite> <!-- com.internetbanking.testCases.TC_LoginTest_001 -->
